*** Starting uWSGI 2.0.21 (64bit) on [Fri Nov 18 18:02:30 2022] ***
compiled with version: 10.2.1 20210110 on 18 November 2022 17:50:43
os: Linux-4.19.104-microsoft-standard #1 SMP Wed Feb 19 06:37:35 UTC 2020
nodename: f48beb9d0017
machine: x86_64
clock source: unix
pcre jit disabled
detected number of CPU cores: 4
current working directory: /app
detected binary path: /home/user/.local/bin/uwsgi
your memory page size is 4096 bytes
detected max file descriptor number: 1048576
lock engine: pthread robust mutexes
thunder lock: disabled (you can enable it with --thunder-lock)
uwsgi socket 0 bound to UNIX address /tmp/uwsgi.sock fd 3
Python version: 3.11.0 (main, Nov 15 2022, 19:58:01) [GCC 10.2.1 20210110]
*** Python threads support is disabled. You can enable it with --enable-threads ***
Python main interpreter initialized at 0x7fc8f96dfa38
your server socket listen backlog is limited to 100 connections
your mercy for graceful operations on workers is 60 seconds
mapped 145840 bytes (142 KB) for 1 cores
*** Operational MODE: single process ***
WSGI app 0 (mountpoint='') ready in 2 seconds on interpreter 0x7fc8f96dfa38 pid: 1 (default app)
mountpoint  already configured. skip.
*** uWSGI is running in multiple interpreter mode ***
spawned uWSGI master process (pid: 1)
spawned uWSGI worker 1 (pid: 13, cores: 1)
[pid: 13|app: 0|req: 1/1] 172.18.0.1 () {58 vars in 1525 bytes} [Fri Nov 18 18:02:38 2022] GET / => generated 1076694 bytes in 2173 msecs (HTTP/1.1 200) 2 headers in 84 bytes (5 switches on core 0)
[pid: 13|app: 0|req: 2/2] 172.18.0.1 () {54 vars in 1373 bytes} [Fri Nov 18 18:02:40 2022] GET /static/js/ajax.js => generated 207 bytes in 2 msecs (HTTP/1.1 404) 2 headers in 87 bytes (1 switches on core 0)
[pid: 13|app: 0|req: 3/3] 172.18.0.1 () {56 vars in 1494 bytes} [Fri Nov 18 18:03:28 2022] GET / => generated 1076694 bytes in 949 msecs (HTTP/1.1 200) 2 headers in 84 bytes (5 switches on core 0)
[pid: 13|app: 0|req: 4/4] 172.18.0.1 () {54 vars in 1373 bytes} [Fri Nov 18 18:03:29 2022] GET /static/js/ajax.js => generated 207 bytes in 1 msecs (HTTP/1.1 404) 2 headers in 87 bytes (1 switches on core 0)
[pid: 13|app: 0|req: 5/5] 172.18.0.1 () {54 vars in 1421 bytes} [Fri Nov 18 18:03:29 2022] GET /favicon.ico => generated 207 bytes in 0 msecs (HTTP/1.1 404) 2 headers in 87 bytes (1 switches on core 0)
[pid: 13|app: 0|req: 6/6] 172.18.0.1 () {40 vars in 722 bytes} [Fri Nov 18 18:04:38 2022] GET / => generated 1076694 bytes in 883 msecs (HTTP/1.1 200) 2 headers in 84 bytes (5 switches on core 0)
[pid: 13|app: 0|req: 7/7] 172.18.0.1 () {40 vars in 626 bytes} [Fri Nov 18 18:04:40 2022] GET /static/js/ajax.js => generated 207 bytes in 1 msecs (HTTP/1.1 404) 2 headers in 87 bytes (1 switches on core 0)
[pid: 13|app: 0|req: 8/8] 172.18.0.1 () {40 vars in 675 bytes} [Fri Nov 18 18:04:40 2022] GET /favicon.ico => generated 207 bytes in 0 msecs (HTTP/1.1 404) 2 headers in 87 bytes (1 switches on core 0)
...brutally killing workers...
worker 1 buried after 1 seconds
binary reloading uWSGI...
chdir() to /app
closing all non-uwsgi socket fds > 2 (max_fd = 1048576)...
found fd 3 mapped to socket 0 (/tmp/uwsgi.sock)
running /home/user/.local/bin/uwsgi
[uWSGI] getting INI configuration from /app/app.ini
*** Starting uWSGI 2.0.21 (64bit) on [Fri Nov 18 18:14:24 2022] ***
compiled with version: 10.2.1 20210110 on 18 November 2022 17:50:43
os: Linux-4.19.104-microsoft-standard #1 SMP Wed Feb 19 06:37:35 UTC 2020
nodename: f48beb9d0017
machine: x86_64
clock source: unix
pcre jit disabled
detected number of CPU cores: 4
current working directory: /app
detected binary path: /home/user/.local/bin/uwsgi
your memory page size is 4096 bytes
detected max file descriptor number: 1048576
lock engine: pthread robust mutexes
thunder lock: disabled (you can enable it with --thunder-lock)
uwsgi socket 0 inherited UNIX address /tmp/uwsgi.sock fd 3
Python version: 3.11.0 (main, Nov 15 2022, 19:58:01) [GCC 10.2.1 20210110]
*** Python threads support is disabled. You can enable it with --enable-threads ***
Python main interpreter initialized at 0x7f44ee909a38
your server socket listen backlog is limited to 100 connections
your mercy for graceful operations on workers is 60 seconds
mapped 145840 bytes (142 KB) for 1 cores
*** Operational MODE: single process ***
*** Starting uWSGI 2.0.21 (64bit) on [Fri Nov 18 18:14:35 2022] ***
compiled with version: 10.2.1 20210110 on 18 November 2022 17:50:43
os: Linux-4.19.104-microsoft-standard #1 SMP Wed Feb 19 06:37:35 UTC 2020
nodename: f48beb9d0017
machine: x86_64
clock source: unix
pcre jit disabled
detected number of CPU cores: 4
current working directory: /app
detected binary path: /home/user/.local/bin/uwsgi
your memory page size is 4096 bytes
detected max file descriptor number: 1048576
lock engine: pthread robust mutexes
thunder lock: disabled (you can enable it with --thunder-lock)
uwsgi socket 0 bound to UNIX address /tmp/uwsgi.sock fd 3
Python version: 3.11.0 (main, Nov 15 2022, 19:58:01) [GCC 10.2.1 20210110]
*** Python threads support is disabled. You can enable it with --enable-threads ***
Python main interpreter initialized at 0x7fe652aefa38
your server socket listen backlog is limited to 100 connections
your mercy for graceful operations on workers is 60 seconds
mapped 145840 bytes (142 KB) for 1 cores
*** Operational MODE: single process ***
WSGI app 0 (mountpoint='') ready in 3 seconds on interpreter 0x7fe652aefa38 pid: 1 (default app)
mountpoint  already configured. skip.
*** uWSGI is running in multiple interpreter mode ***
spawned uWSGI master process (pid: 1)
spawned uWSGI worker 1 (pid: 12, cores: 1)
[pid: 12|app: 0|req: 1/1] 172.18.0.1 () {58 vars in 1525 bytes} [Fri Nov 18 18:14:39 2022] GET / => generated 1076694 bytes in 928 msecs (HTTP/1.1 200) 2 headers in 84 bytes (4 switches on core 0)
[pid: 12|app: 0|req: 2/2] 172.18.0.1 () {54 vars in 1373 bytes} [Fri Nov 18 18:14:40 2022] GET /static/js/ajax.js => generated 207 bytes in 2 msecs (HTTP/1.1 404) 2 headers in 87 bytes (1 switches on core 0)
[pid: 12|app: 0|req: 3/3] 172.18.0.1 () {42 vars in 753 bytes} [Fri Nov 18 18:14:44 2022] GET / => generated 1076694 bytes in 951 msecs (HTTP/1.1 200) 2 headers in 84 bytes (5 switches on core 0)
[pid: 12|app: 0|req: 4/4] 172.18.0.1 () {40 vars in 626 bytes} [Fri Nov 18 18:14:45 2022] GET /static/js/ajax.js => generated 207 bytes in 1 msecs (HTTP/1.1 404) 2 headers in 87 bytes (1 switches on core 0)
[pid: 12|app: 0|req: 5/5] 172.18.0.1 () {64 vars in 1688 bytes} [Fri Nov 18 18:14:59 2022] POST /t => generated 1076721 bytes in 83 msecs (HTTP/1.1 200) 2 headers in 84 bytes (5 switches on core 0)
[pid: 12|app: 0|req: 6/6] 172.18.0.1 () {54 vars in 1374 bytes} [Fri Nov 18 18:15:00 2022] GET /static/js/ajax.js => generated 207 bytes in 1 msecs (HTTP/1.1 404) 2 headers in 87 bytes (1 switches on core 0)
[pid: 12|app: 0|req: 7/7] 172.18.0.1 () {66 vars in 1714 bytes} [Fri Nov 18 18:15:04 2022] POST /d => generated 764737 bytes in 105 msecs (HTTP/1.1 200) 2 headers in 83 bytes (4 switches on core 0)
[pid: 12|app: 0|req: 8/8] 172.18.0.1 () {54 vars in 1374 bytes} [Fri Nov 18 18:15:04 2022] GET /static/js/ajax.js => generated 207 bytes in 1 msecs (HTTP/1.1 404) 2 headers in 87 bytes (1 switches on core 0)
[pid: 12|app: 0|req: 9/9] 172.18.0.1 () {66 vars in 1714 bytes} [Fri Nov 18 18:15:14 2022] POST /t => generated 764746 bytes in 54 msecs (HTTP/1.1 200) 2 headers in 83 bytes (3 switches on core 0)
[pid: 12|app: 0|req: 10/10] 172.18.0.1 () {54 vars in 1374 bytes} [Fri Nov 18 18:15:14 2022] GET /static/js/ajax.js => generated 207 bytes in 1 msecs (HTTP/1.1 404) 2 headers in 87 bytes (1 switches on core 0)
[pid: 12|app: 0|req: 11/11] 172.18.0.1 () {66 vars in 1714 bytes} [Fri Nov 18 18:15:19 2022] POST /r => generated 158376 bytes in 68 msecs (HTTP/1.1 200) 2 headers in 83 bytes (1 switches on core 0)
[pid: 12|app: 0|req: 12/12] 172.18.0.1 () {54 vars in 1374 bytes} [Fri Nov 18 18:15:19 2022] GET /static/js/ajax.js => generated 207 bytes in 1 msecs (HTTP/1.1 404) 2 headers in 87 bytes (1 switches on core 0)
[pid: 12|app: 0|req: 13/13] 172.18.0.1 () {66 vars in 1714 bytes} [Fri Nov 18 18:15:25 2022] POST /t => generated 158381 bytes in 10 msecs (HTTP/1.1 200) 2 headers in 83 bytes (1 switches on core 0)
[pid: 12|app: 0|req: 14/14] 172.18.0.1 () {54 vars in 1374 bytes} [Fri Nov 18 18:15:25 2022] GET /static/js/ajax.js => generated 207 bytes in 1 msecs (HTTP/1.1 404) 2 headers in 87 bytes (1 switches on core 0)
[pid: 12|app: 0|req: 15/15] 172.18.0.1 () {66 vars in 1714 bytes} [Fri Nov 18 18:15:26 2022] POST /r => generated 764744 bytes in 353 msecs (HTTP/1.1 200) 2 headers in 83 bytes (3 switches on core 0)
[pid: 12|app: 0|req: 16/16] 172.18.0.1 () {54 vars in 1374 bytes} [Fri Nov 18 18:15:27 2022] GET /static/js/ajax.js => generated 207 bytes in 1 msecs (HTTP/1.1 404) 2 headers in 87 bytes (1 switches on core 0)
[pid: 12|app: 0|req: 17/17] 172.18.0.1 () {66 vars in 1714 bytes} [Fri Nov 18 18:15:34 2022] POST /t => generated 764755 bytes in 55 msecs (HTTP/1.1 200) 2 headers in 83 bytes (4 switches on core 0)
[pid: 12|app: 0|req: 18/18] 172.18.0.1 () {54 vars in 1374 bytes} [Fri Nov 18 18:15:34 2022] GET /static/js/ajax.js => generated 207 bytes in 1 msecs (HTTP/1.1 404) 2 headers in 87 bytes (1 switches on core 0)
[pid: 12|app: 0|req: 19/19] 172.18.0.1 () {66 vars in 1724 bytes} [Fri Nov 18 18:15:38 2022] POST /result => generated 65145 bytes in 1445 msecs via sendfile() (HTTP/1.1 200) 7 headers in 329 bytes (0 switches on core 0)
[pid: 12|app: 0|req: 20/20] 172.18.0.1 () {56 vars in 1494 bytes} [Fri Nov 18 18:25:55 2022] GET / => generated 764721 bytes in 903 msecs (HTTP/1.1 200) 2 headers in 83 bytes (4 switches on core 0)
[pid: 12|app: 0|req: 21/21] 172.18.0.1 () {54 vars in 1373 bytes} [Fri Nov 18 18:25:57 2022] GET /static/js/ajax.js => generated 207 bytes in 1 msecs (HTTP/1.1 404) 2 headers in 87 bytes (1 switches on core 0)
[pid: 12|app: 0|req: 22/22] 172.18.0.1 () {42 vars in 753 bytes} [Fri Nov 18 18:40:22 2022] GET / => generated 764721 bytes in 883 msecs (HTTP/1.1 200) 2 headers in 83 bytes (3 switches on core 0)
[pid: 12|app: 0|req: 23/23] 172.18.0.1 () {40 vars in 626 bytes} [Fri Nov 18 18:40:23 2022] GET /static/js/ajax.js => generated 207 bytes in 1 msecs (HTTP/1.1 404) 2 headers in 87 bytes (1 switches on core 0)
[pid: 12|app: 0|req: 24/24] 172.18.0.1 () {42 vars in 753 bytes} [Fri Nov 18 18:40:25 2022] GET / => generated 764721 bytes in 923 msecs (HTTP/1.1 200) 2 headers in 83 bytes (1 switches on core 0)
[pid: 12|app: 0|req: 25/25] 172.18.0.1 () {40 vars in 626 bytes} [Fri Nov 18 18:40:26 2022] GET /static/js/ajax.js => generated 207 bytes in 4 msecs (HTTP/1.1 404) 2 headers in 87 bytes (1 switches on core 0)
[pid: 12|app: 0|req: 26/26] 172.18.0.1 () {58 vars in 1525 bytes} [Fri Nov 18 18:40:28 2022] GET / => generated 764721 bytes in 1113 msecs (HTTP/1.1 200) 2 headers in 83 bytes (3 switches on core 0)
[pid: 12|app: 0|req: 27/27] 172.18.0.1 () {54 vars in 1373 bytes} [Fri Nov 18 18:40:29 2022] GET /static/js/ajax.js => generated 207 bytes in 1 msecs (HTTP/1.1 404) 2 headers in 87 bytes (1 switches on core 0)
[pid: 12|app: 0|req: 28/28] 172.18.0.1 () {58 vars in 1525 bytes} [Fri Nov 18 18:43:54 2022] GET / => generated 764721 bytes in 746 msecs (HTTP/1.1 200) 2 headers in 83 bytes (4 switches on core 0)
[pid: 12|app: 0|req: 29/29] 172.18.0.1 () {54 vars in 1373 bytes} [Fri Nov 18 18:43:55 2022] GET /static/js/ajax.js => generated 207 bytes in 1 msecs (HTTP/1.1 404) 2 headers in 87 bytes (1 switches on core 0)
[pid: 12|app: 0|req: 30/30] 172.18.0.1 () {66 vars in 1713 bytes} [Fri Nov 18 18:44:04 2022] POST /d => generated 764737 bytes in 99 msecs (HTTP/1.1 200) 2 headers in 83 bytes (4 switches on core 0)
[pid: 12|app: 0|req: 31/31] 172.18.0.1 () {54 vars in 1374 bytes} [Fri Nov 18 18:44:04 2022] GET /static/js/ajax.js => generated 207 bytes in 1 msecs (HTTP/1.1 404) 2 headers in 87 bytes (1 switches on core 0)
[pid: 12|app: 0|req: 32/32] 172.18.0.1 () {66 vars in 1714 bytes} [Fri Nov 18 18:44:06 2022] POST /d => generated 1076710 bytes in 254 msecs (HTTP/1.1 200) 2 headers in 84 bytes (5 switches on core 0)
[pid: 12|app: 0|req: 33/33] 172.18.0.1 () {54 vars in 1374 bytes} [Fri Nov 18 18:44:07 2022] GET /static/js/ajax.js => generated 207 bytes in 1 msecs (HTTP/1.1 404) 2 headers in 87 bytes (1 switches on core 0)
[pid: 12|app: 0|req: 34/34] 172.18.0.1 () {66 vars in 1714 bytes} [Fri Nov 18 18:44:15 2022] POST /r => generated 1034215 bytes in 368 msecs (HTTP/1.1 200) 2 headers in 84 bytes (4 switches on core 0)
[pid: 12|app: 0|req: 35/35] 172.18.0.1 () {54 vars in 1374 bytes} [Fri Nov 18 18:44:15 2022] GET /static/js/ajax.js => generated 207 bytes in 1 msecs (HTTP/1.1 404) 2 headers in 87 bytes (1 switches on core 0)
[pid: 12|app: 0|req: 36/36] 172.18.0.1 () {66 vars in 1714 bytes} [Fri Nov 18 18:44:17 2022] POST /r => generated 391861 bytes in 97 msecs (HTTP/1.1 200) 2 headers in 83 bytes (2 switches on core 0)
[pid: 12|app: 0|req: 37/37] 172.18.0.1 () {54 vars in 1374 bytes} [Fri Nov 18 18:44:17 2022] GET /static/js/ajax.js => generated 207 bytes in 1 msecs (HTTP/1.1 404) 2 headers in 87 bytes (1 switches on core 0)
...brutally killing workers...
worker 1 buried after 1 seconds
binary reloading uWSGI...
chdir() to /app
closing all non-uwsgi socket fds > 2 (max_fd = 1048576)...
found fd 3 mapped to socket 0 (/tmp/uwsgi.sock)
running /home/user/.local/bin/uwsgi
[uWSGI] getting INI configuration from /app/app.ini
*** Starting uWSGI 2.0.21 (64bit) on [Fri Nov 18 18:44:33 2022] ***
compiled with version: 10.2.1 20210110 on 18 November 2022 17:50:43
os: Linux-4.19.104-microsoft-standard #1 SMP Wed Feb 19 06:37:35 UTC 2020
nodename: f48beb9d0017
machine: x86_64
clock source: unix
pcre jit disabled
detected number of CPU cores: 4
current working directory: /app
detected binary path: /home/user/.local/bin/uwsgi
your memory page size is 4096 bytes
detected max file descriptor number: 1048576
lock engine: pthread robust mutexes
thunder lock: disabled (you can enable it with --thunder-lock)
uwsgi socket 0 inherited UNIX address /tmp/uwsgi.sock fd 3
Python version: 3.11.0 (main, Nov 15 2022, 19:58:01) [GCC 10.2.1 20210110]
*** Python threads support is disabled. You can enable it with --enable-threads ***
Python main interpreter initialized at 0x7fd187f02a38
your server socket listen backlog is limited to 100 connections
your mercy for graceful operations on workers is 60 seconds
mapped 145840 bytes (142 KB) for 1 cores
*** Operational MODE: single process ***
WSGI app 0 (mountpoint='') ready in 2 seconds on interpreter 0x7fd187f02a38 pid: 1 (default app)
mountpoint  already configured. skip.
*** uWSGI is running in multiple interpreter mode ***
gracefully (RE)spawned uWSGI master process (pid: 1)
spawned uWSGI worker 1 (pid: 45, cores: 1)
*** Starting uWSGI 2.0.21 (64bit) on [Fri Nov 18 18:45:52 2022] ***
compiled with version: 10.2.1 20210110 on 18 November 2022 17:50:43
os: Linux-4.19.104-microsoft-standard #1 SMP Wed Feb 19 06:37:35 UTC 2020
nodename: f48beb9d0017
machine: x86_64
clock source: unix
pcre jit disabled
detected number of CPU cores: 4
current working directory: /app
detected binary path: /home/user/.local/bin/uwsgi
your memory page size is 4096 bytes
detected max file descriptor number: 1048576
lock engine: pthread robust mutexes
thunder lock: disabled (you can enable it with --thunder-lock)
uwsgi socket 0 bound to UNIX address /tmp/uwsgi.sock fd 3
Python version: 3.11.0 (main, Nov 15 2022, 19:58:01) [GCC 10.2.1 20210110]
*** Python threads support is disabled. You can enable it with --enable-threads ***
Python main interpreter initialized at 0x7f5a9eedca38
your server socket listen backlog is limited to 100 connections
your mercy for graceful operations on workers is 60 seconds
mapped 145840 bytes (142 KB) for 1 cores
*** Operational MODE: single process ***
WSGI app 0 (mountpoint='') ready in 2 seconds on interpreter 0x7f5a9eedca38 pid: 1 (default app)
mountpoint  already configured. skip.
*** uWSGI is running in multiple interpreter mode ***
spawned uWSGI master process (pid: 1)
spawned uWSGI worker 1 (pid: 13, cores: 1)
[pid: 13|app: 0|req: 1/1] 172.18.0.1 () {56 vars in 1494 bytes} [Fri Nov 18 18:45:58 2022] GET / => generated 1611889 bytes in 3554 msecs (HTTP/1.1 200) 2 headers in 84 bytes (8 switches on core 0)
[pid: 13|app: 0|req: 2/2] 172.18.0.1 () {54 vars in 1373 bytes} [Fri Nov 18 18:46:02 2022] GET /static/js/ajax.js => generated 207 bytes in 2 msecs (HTTP/1.1 404) 2 headers in 87 bytes (1 switches on core 0)
[pid: 13|app: 0|req: 3/3] 172.18.0.1 () {66 vars in 1713 bytes} [Fri Nov 18 18:46:05 2022] POST /d => generated 1027779 bytes in 112 msecs (HTTP/1.1 200) 2 headers in 84 bytes (5 switches on core 0)
[pid: 13|app: 0|req: 4/4] 172.18.0.1 () {54 vars in 1374 bytes} [Fri Nov 18 18:46:06 2022] GET /static/js/ajax.js => generated 207 bytes in 1 msecs (HTTP/1.1 404) 2 headers in 87 bytes (1 switches on core 0)
[pid: 13|app: 0|req: 5/5] 172.18.0.1 () {66 vars in 1714 bytes} [Fri Nov 18 18:46:07 2022] POST /d => generated 1611907 bytes in 114 msecs (HTTP/1.1 200) 2 headers in 84 bytes (8 switches on core 0)
[pid: 13|app: 0|req: 6/6] 172.18.0.1 () {54 vars in 1374 bytes} [Fri Nov 18 18:46:08 2022] GET /static/js/ajax.js => generated 207 bytes in 1 msecs (HTTP/1.1 404) 2 headers in 87 bytes (1 switches on core 0)
[pid: 13|app: 0|req: 7/7] 172.18.0.1 () {66 vars in 1714 bytes} [Fri Nov 18 18:46:13 2022] POST /t => generated 1611916 bytes in 162 msecs (HTTP/1.1 200) 2 headers in 84 bytes (6 switches on core 0)
[pid: 13|app: 0|req: 8/8] 172.18.0.1 () {54 vars in 1374 bytes} [Fri Nov 18 18:46:14 2022] GET /static/js/ajax.js => generated 207 bytes in 1 msecs (HTTP/1.1 404) 2 headers in 87 bytes (1 switches on core 0)
[pid: 13|app: 0|req: 9/9] 172.18.0.1 () {66 vars in 1714 bytes} [Fri Nov 18 18:46:18 2022] POST /t => generated 1611927 bytes in 114 msecs (HTTP/1.1 200) 2 headers in 84 bytes (8 switches on core 0)
[pid: 13|app: 0|req: 10/10] 172.18.0.1 () {54 vars in 1374 bytes} [Fri Nov 18 18:46:19 2022] GET /static/js/ajax.js => generated 207 bytes in 1 msecs (HTTP/1.1 404) 2 headers in 87 bytes (1 switches on core 0)
[pid: 13|app: 0|req: 11/11] 172.18.0.1 () {66 vars in 1724 bytes} [Fri Nov 18 18:46:22 2022] POST /result => generated 643234 bytes in 5979 msecs via sendfile() (HTTP/1.1 200) 7 headers in 333 bytes (0 switches on core 0)
...brutally killing workers...
worker 1 buried after 1 seconds
binary reloading uWSGI...
chdir() to /app
closing all non-uwsgi socket fds > 2 (max_fd = 1048576)...
found fd 3 mapped to socket 0 (/tmp/uwsgi.sock)
running /home/user/.local/bin/uwsgi
realpath() of /app/app.ini failed: No such file or directory [core/utils.c line 3662]
*** Starting uWSGI 2.0.21 (64bit) on [Sat Nov 19 00:00:07 2022] ***
compiled with version: 10.2.1 20210110 on 18 November 2022 23:54:19
os: Linux-5.15.74.2-microsoft-standard-WSL2 #1 SMP Wed Nov 2 19:50:29 UTC 2022
nodename: 3b6c2def1b9a
machine: x86_64
clock source: unix
pcre jit disabled
detected number of CPU cores: 4
current working directory: /app
detected binary path: /home/user/.local/bin/uwsgi
your memory page size is 4096 bytes
detected max file descriptor number: 1048576
lock engine: pthread robust mutexes
thunder lock: disabled (you can enable it with --thunder-lock)
uwsgi socket 0 bound to UNIX address /tmp/uwsgi.sock fd 3
Python version: 3.11.0 (main, Nov 15 2022, 19:58:01) [GCC 10.2.1 20210110]
*** Python threads support is disabled. You can enable it with --enable-threads ***
Python main interpreter initialized at 0x7f2c1ada7a38
your server socket listen backlog is limited to 100 connections
your mercy for graceful operations on workers is 60 seconds
mapped 145840 bytes (142 KB) for 1 cores
*** Operational MODE: single process ***
ModuleNotFoundError: No module named 'wsgi'
unable to load app 0 (mountpoint='') (callable not found or import error)
Traceback (most recent call last):
  File "/app/main/wsgi.py", line 1, in <module>
    from main import app
ImportError: cannot import name 'app' from 'main' (unknown location)
unable to load app 0 (mountpoint='') (callable not found or import error)
*** no app loaded. going in full dynamic mode ***
*** uWSGI is running in multiple interpreter mode ***
spawned uWSGI master process (pid: 1)
spawned uWSGI worker 1 (pid: 7, cores: 1)
--- no python application found, check your startup logs for errors ---
[pid: 7|app: -1|req: -1/1] 172.18.0.1 () {58 vars in 1518 bytes} [Sat Nov 19 00:00:23 2022] GET / => generated 21 bytes in 0 msecs (HTTP/1.1 500) 2 headers in 83 bytes (0 switches on core 0)
--- no python application found, check your startup logs for errors ---
[pid: 7|app: -1|req: -1/2] 172.18.0.1 () {54 vars in 1421 bytes} [Sat Nov 19 00:00:24 2022] GET /favicon.ico => generated 21 bytes in 0 msecs (HTTP/1.1 500) 2 headers in 83 bytes (0 switches on core 0)
--- no python application found, check your startup logs for errors ---
[pid: 7|app: -1|req: -1/3] 172.18.0.1 () {40 vars in 722 bytes} [Sat Nov 19 00:00:38 2022] GET / => generated 21 bytes in 3 msecs (HTTP/1.1 500) 2 headers in 83 bytes (0 switches on core 0)
--- no python application found, check your startup logs for errors ---
[pid: 7|app: -1|req: -1/4] 172.18.0.1 () {40 vars in 675 bytes} [Sat Nov 19 00:00:39 2022] GET /favicon.ico => generated 21 bytes in 0 msecs (HTTP/1.1 500) 2 headers in 83 bytes (0 switches on core 0)
--- no python application found, check your startup logs for errors ---
[pid: 7|app: -1|req: -1/5] 172.18.0.1 () {42 vars in 753 bytes} [Sat Nov 19 00:00:40 2022] GET / => generated 21 bytes in 0 msecs (HTTP/1.1 500) 2 headers in 83 bytes (0 switches on core 0)
--- no python application found, check your startup logs for errors ---
[pid: 7|app: -1|req: -1/6] 172.18.0.1 () {40 vars in 675 bytes} [Sat Nov 19 00:00:40 2022] GET /favicon.ico => generated 21 bytes in 0 msecs (HTTP/1.1 500) 2 headers in 83 bytes (0 switches on core 0)
*** Starting uWSGI 2.0.21 (64bit) on [Sat Nov 19 00:03:42 2022] ***
compiled with version: 10.2.1 20210110 on 18 November 2022 23:54:19
os: Linux-5.15.74.2-microsoft-standard-WSL2 #1 SMP Wed Nov 2 19:50:29 UTC 2022
nodename: 3b6c2def1b9a
machine: x86_64
clock source: unix
pcre jit disabled
detected number of CPU cores: 4
current working directory: /app
detected binary path: /home/user/.local/bin/uwsgi
your memory page size is 4096 bytes
detected max file descriptor number: 1048576
lock engine: pthread robust mutexes
thunder lock: disabled (you can enable it with --thunder-lock)
uwsgi socket 0 bound to UNIX address /tmp/uwsgi.sock fd 3
Python version: 3.11.0 (main, Nov 15 2022, 19:58:01) [GCC 10.2.1 20210110]
*** Python threads support is disabled. You can enable it with --enable-threads ***
Python main interpreter initialized at 0x7fdd9eee6a38
your server socket listen backlog is limited to 100 connections
your mercy for graceful operations on workers is 60 seconds
mapped 145840 bytes (142 KB) for 1 cores
*** Operational MODE: single process ***
ModuleNotFoundError: No module named 'wsgi'
unable to load app 0 (mountpoint='') (callable not found or import error)
Traceback (most recent call last):
  File "/app/main/wsgi.py", line 1, in <module>
    from main import app
ImportError: cannot import name 'app' from 'main' (unknown location)
unable to load app 0 (mountpoint='') (callable not found or import error)
*** no app loaded. going in full dynamic mode ***
*** uWSGI is running in multiple interpreter mode ***
spawned uWSGI master process (pid: 16)
spawned uWSGI worker 1 (pid: 17, cores: 1)
SIGINT/SIGTERM received...killing workers...
worker 1 buried after 1 seconds
goodbye to uWSGI.
...brutally killing workers...
worker 1 buried after 1 seconds
binary reloading uWSGI...
chdir() to /app
closing all non-uwsgi socket fds > 2 (max_fd = 1048576)...
found fd 3 mapped to socket 0 (/tmp/uwsgi.sock)
running /home/user/.local/bin/uwsgi
[uWSGI] getting INI configuration from /app/main/app.ini
*** Starting uWSGI 2.0.21 (64bit) on [Sat Nov 19 00:13:01 2022] ***
compiled with version: 10.2.1 20210110 on 18 November 2022 23:54:19
os: Linux-5.15.74.2-microsoft-standard-WSL2 #1 SMP Wed Nov 2 19:50:29 UTC 2022
nodename: 3b6c2def1b9a
machine: x86_64
clock source: unix
pcre jit disabled
detected number of CPU cores: 4
current working directory: /app
detected binary path: /home/user/.local/bin/uwsgi
your memory page size is 4096 bytes
detected max file descriptor number: 1048576
lock engine: pthread robust mutexes
thunder lock: disabled (you can enable it with --thunder-lock)
uwsgi socket 0 inherited UNIX address /tmp/uwsgi.sock fd 3
Python version: 3.11.0 (main, Nov 15 2022, 19:58:01) [GCC 10.2.1 20210110]
*** Python threads support is disabled. You can enable it with --enable-threads ***
Python main interpreter initialized at 0x7fe784deea38
your server socket listen backlog is limited to 100 connections
your mercy for graceful operations on workers is 60 seconds
mapped 145840 bytes (142 KB) for 1 cores
*** Operational MODE: single process ***
ModuleNotFoundError: No module named 'wsgi'
unable to load app 0 (mountpoint='') (callable not found or import error)
Traceback (most recent call last):
  File "/app/main/wsgi.py", line 1, in <module>
    from main import app
ImportError: cannot import name 'app' from 'main' (unknown location)
unable to load app 0 (mountpoint='') (callable not found or import error)
*** no app loaded. going in full dynamic mode ***
*** uWSGI is running in multiple interpreter mode ***
gracefully (RE)spawned uWSGI master process (pid: 1)
spawned uWSGI worker 1 (pid: 74, cores: 1)
*** Starting uWSGI 2.0.21 (64bit) on [Sat Nov 19 08:04:51 2022] ***
compiled with version: 10.2.1 20210110 on 19 November 2022 08:03:47
os: Linux-5.15.74.2-microsoft-standard-WSL2 #1 SMP Wed Nov 2 19:50:29 UTC 2022
nodename: 9359365422ef
machine: x86_64
clock source: unix
pcre jit disabled
detected number of CPU cores: 4
current working directory: /app/main
detected binary path: /home/user/.local/bin/uwsgi
your memory page size is 4096 bytes
detected max file descriptor number: 1048576
lock engine: pthread robust mutexes
thunder lock: disabled (you can enable it with --thunder-lock)
uwsgi socket 0 bound to UNIX address /tmp/uwsgi.sock fd 3
Python version: 3.11.0 (main, Nov 15 2022, 19:58:01) [GCC 10.2.1 20210110]
*** Python threads support is disabled. You can enable it with --enable-threads ***
Python main interpreter initialized at 0x7fbd1ee65a38
your server socket listen backlog is limited to 100 connections
your mercy for graceful operations on workers is 60 seconds
mapped 145840 bytes (142 KB) for 1 cores
*** Operational MODE: single process ***
Traceback (most recent call last):
  File "/app/main/wsgi.py", line 1, in <module>
    from main import app
  File "/app/main/main.py", line 8, in <module>
    from .common import config
ImportError: attempted relative import with no known parent package
unable to load app 0 (mountpoint='') (callable not found or import error)
Traceback (most recent call last):
  File "/app/main/wsgi.py", line 1, in <module>
    from main import app
  File "/app/main/main.py", line 8, in <module>
    from .common import config
ImportError: attempted relative import with no known parent package
unable to load app 0 (mountpoint='') (callable not found or import error)
*** no app loaded. going in full dynamic mode ***
*** uWSGI is running in multiple interpreter mode ***
spawned uWSGI master process (pid: 1)
spawned uWSGI worker 1 (pid: 10, cores: 1)
--- no python application found, check your startup logs for errors ---
[pid: 10|app: -1|req: -1/1] 172.18.0.1 () {42 vars in 753 bytes} [Sat Nov 19 08:04:59 2022] GET / => generated 21 bytes in 1 msecs (HTTP/1.1 500) 2 headers in 83 bytes (0 switches on core 0)
--- no python application found, check your startup logs for errors ---
[pid: 10|app: -1|req: -1/2] 172.18.0.1 () {40 vars in 675 bytes} [Sat Nov 19 08:04:59 2022] GET /favicon.ico => generated 21 bytes in 0 msecs (HTTP/1.1 500) 2 headers in 83 bytes (0 switches on core 0)
--- no python application found, check your startup logs for errors ---
[pid: 10|app: -1|req: -1/3] 172.18.0.1 () {58 vars in 1525 bytes} [Sat Nov 19 08:05:03 2022] GET / => generated 21 bytes in 1 msecs (HTTP/1.1 500) 2 headers in 83 bytes (0 switches on core 0)
--- no python application found, check your startup logs for errors ---
[pid: 10|app: -1|req: -1/4] 172.18.0.1 () {54 vars in 1421 bytes} [Sat Nov 19 08:05:03 2022] GET /favicon.ico => generated 21 bytes in 0 msecs (HTTP/1.1 500) 2 headers in 83 bytes (0 switches on core 0)
--- no python application found, check your startup logs for errors ---
[pid: 10|app: -1|req: -1/5] 172.18.0.1 () {58 vars in 1525 bytes} [Sat Nov 19 08:05:03 2022] GET / => generated 21 bytes in 0 msecs (HTTP/1.1 500) 2 headers in 83 bytes (0 switches on core 0)
--- no python application found, check your startup logs for errors ---
[pid: 10|app: -1|req: -1/6] 172.18.0.1 () {54 vars in 1421 bytes} [Sat Nov 19 08:05:04 2022] GET /favicon.ico => generated 21 bytes in 0 msecs (HTTP/1.1 500) 2 headers in 83 bytes (0 switches on core 0)
...brutally killing workers...
worker 1 buried after 1 seconds
binary reloading uWSGI...
chdir() to /app/main
closing all non-uwsgi socket fds > 2 (max_fd = 1048576)...
found fd 3 mapped to socket 0 (/tmp/uwsgi.sock)
running /home/user/.local/bin/uwsgi
[uWSGI] getting INI configuration from /app/main/app.ini
*** Starting uWSGI 2.0.21 (64bit) on [Sat Nov 19 08:08:02 2022] ***
compiled with version: 10.2.1 20210110 on 19 November 2022 08:03:47
os: Linux-5.15.74.2-microsoft-standard-WSL2 #1 SMP Wed Nov 2 19:50:29 UTC 2022
nodename: 9359365422ef
machine: x86_64
clock source: unix
pcre jit disabled
detected number of CPU cores: 4
current working directory: /app/main
detected binary path: /home/user/.local/bin/uwsgi
your memory page size is 4096 bytes
detected max file descriptor number: 1048576
lock engine: pthread robust mutexes
thunder lock: disabled (you can enable it with --thunder-lock)
uwsgi socket 0 inherited UNIX address /tmp/uwsgi.sock fd 3
Python version: 3.11.0 (main, Nov 15 2022, 19:58:01) [GCC 10.2.1 20210110]
*** Python threads support is disabled. You can enable it with --enable-threads ***
Python main interpreter initialized at 0x7fbf11a1da38
your server socket listen backlog is limited to 100 connections
your mercy for graceful operations on workers is 60 seconds
mapped 145840 bytes (142 KB) for 1 cores
*** Operational MODE: single process ***
WSGI app 0 (mountpoint='') ready in 1 seconds on interpreter 0x7fbf11a1da38 pid: 1 (default app)
mountpoint  already configured. skip.
*** uWSGI is running in multiple interpreter mode ***
gracefully (RE)spawned uWSGI master process (pid: 1)
spawned uWSGI worker 1 (pid: 17, cores: 1)
*** Starting uWSGI 2.0.21 (64bit) on [Sat Nov 19 08:09:11 2022] ***
compiled with version: 10.2.1 20210110 on 19 November 2022 08:03:47
os: Linux-5.15.74.2-microsoft-standard-WSL2 #1 SMP Wed Nov 2 19:50:29 UTC 2022
nodename: 9359365422ef
machine: x86_64
clock source: unix
pcre jit disabled
detected number of CPU cores: 4
current working directory: /app/main
detected binary path: /home/user/.local/bin/uwsgi
your memory page size is 4096 bytes
detected max file descriptor number: 1048576
lock engine: pthread robust mutexes
thunder lock: disabled (you can enable it with --thunder-lock)
uwsgi socket 0 bound to UNIX address /tmp/uwsgi.sock fd 3
Python version: 3.11.0 (main, Nov 15 2022, 19:58:01) [GCC 10.2.1 20210110]
*** Python threads support is disabled. You can enable it with --enable-threads ***
Python main interpreter initialized at 0x7f5c80662a38
your server socket listen backlog is limited to 100 connections
your mercy for graceful operations on workers is 60 seconds
mapped 145840 bytes (142 KB) for 1 cores
*** Operational MODE: single process ***
WSGI app 0 (mountpoint='') ready in 1 seconds on interpreter 0x7f5c80662a38 pid: 1 (default app)
mountpoint  already configured. skip.
*** uWSGI is running in multiple interpreter mode ***
spawned uWSGI master process (pid: 1)
spawned uWSGI worker 1 (pid: 14, cores: 1)
[pid: 14|app: 0|req: 1/1] 172.18.0.1 () {58 vars in 1525 bytes} [Sat Nov 19 08:09:15 2022] GET / => generated 1611889 bytes in 10015 msecs (HTTP/1.1 200) 2 headers in 84 bytes (7 switches on core 0)
[pid: 14|app: 0|req: 2/2] 172.18.0.1 () {42 vars in 753 bytes} [Sat Nov 19 08:09:25 2022] GET / => generated 1611889 bytes in 1259 msecs (HTTP/1.1 200) 2 headers in 84 bytes (7 switches on core 0)
[pid: 14|app: 0|req: 3/3] 172.18.0.1 () {54 vars in 1373 bytes} [Sat Nov 19 08:09:27 2022] GET /static/js/ajax.js => generated 207 bytes in 2 msecs (HTTP/1.1 404) 2 headers in 87 bytes (1 switches on core 0)
[pid: 14|app: 0|req: 4/4] 172.18.0.1 () {54 vars in 1421 bytes} [Sat Nov 19 08:09:27 2022] GET /favicon.ico => generated 207 bytes in 0 msecs (HTTP/1.1 404) 2 headers in 87 bytes (1 switches on core 0)
[pid: 14|app: 0|req: 5/5] 172.18.0.1 () {40 vars in 626 bytes} [Sat Nov 19 08:09:27 2022] GET /static/js/ajax.js => generated 207 bytes in 1 msecs (HTTP/1.1 404) 2 headers in 87 bytes (1 switches on core 0)
[pid: 14|app: 0|req: 6/6] 172.18.0.1 () {40 vars in 675 bytes} [Sat Nov 19 08:09:27 2022] GET /favicon.ico => generated 207 bytes in 0 msecs (HTTP/1.1 404) 2 headers in 87 bytes (1 switches on core 0)
...brutally killing workers...
worker 1 buried after 1 seconds
binary reloading uWSGI...
chdir() to /app/main
closing all non-uwsgi socket fds > 2 (max_fd = 1048576)...
found fd 3 mapped to socket 0 (/tmp/uwsgi.sock)
running /home/user/.local/bin/uwsgi
[uWSGI] getting INI configuration from /app/main/app.ini
*** Starting uWSGI 2.0.21 (64bit) on [Sat Nov 19 08:18:19 2022] ***
compiled with version: 10.2.1 20210110 on 19 November 2022 08:03:47
os: Linux-5.15.74.2-microsoft-standard-WSL2 #1 SMP Wed Nov 2 19:50:29 UTC 2022
nodename: 9359365422ef
machine: x86_64
clock source: unix
pcre jit disabled
detected number of CPU cores: 4
current working directory: /app/main
detected binary path: /home/user/.local/bin/uwsgi
your memory page size is 4096 bytes
detected max file descriptor number: 1048576
lock engine: pthread robust mutexes
thunder lock: disabled (you can enable it with --thunder-lock)
uwsgi socket 0 inherited UNIX address /tmp/uwsgi.sock fd 3
Python version: 3.11.0 (main, Nov 15 2022, 19:58:01) [GCC 10.2.1 20210110]
*** Python threads support is disabled. You can enable it with --enable-threads ***
Python main interpreter initialized at 0x7fa5f12dda38
your server socket listen backlog is limited to 100 connections
your mercy for graceful operations on workers is 60 seconds
mapped 145840 bytes (142 KB) for 1 cores
*** Operational MODE: single process ***
WSGI app 0 (mountpoint='') ready in 1 seconds on interpreter 0x7fa5f12dda38 pid: 1 (default app)
mountpoint  already configured. skip.
*** uWSGI is running in multiple interpreter mode ***
gracefully (RE)spawned uWSGI master process (pid: 1)
spawned uWSGI worker 1 (pid: 21, cores: 1)
Sat Nov 19 08:18:27 2022 - uWSGI worker 1 screams: UAAAAAAH my master disconnected: i will kill myself !!!
*** Starting uWSGI 2.0.21 (64bit) on [Sun Nov 20 08:45:34 2022] ***
compiled with version: 10.2.1 20210110 on 19 November 2022 08:03:47
os: Linux-5.15.74.2-microsoft-standard-WSL2 #1 SMP Wed Nov 2 19:50:29 UTC 2022
nodename: 9359365422ef
machine: x86_64
clock source: unix
pcre jit disabled
detected number of CPU cores: 4
current working directory: /app/main
detected binary path: /home/user/.local/bin/uwsgi
your memory page size is 4096 bytes
detected max file descriptor number: 1048576
lock engine: pthread robust mutexes
thunder lock: disabled (you can enable it with --thunder-lock)
uwsgi socket 0 bound to UNIX address /tmp/uwsgi.sock fd 3
Python version: 3.11.0 (main, Nov 15 2022, 19:58:01) [GCC 10.2.1 20210110]
*** Python threads support is disabled. You can enable it with --enable-threads ***
Python main interpreter initialized at 0x7f7bfe5baa38
your server socket listen backlog is limited to 100 connections
your mercy for graceful operations on workers is 60 seconds
mapped 145840 bytes (142 KB) for 1 cores
*** Operational MODE: single process ***
WSGI app 0 (mountpoint='') ready in 2 seconds on interpreter 0x7f7bfe5baa38 pid: 1 (default app)
mountpoint  already configured. skip.
*** uWSGI is running in multiple interpreter mode ***
spawned uWSGI master process (pid: 1)
spawned uWSGI worker 1 (pid: 13, cores: 1)
SIGINT/SIGTERM received...killing workers...
worker 1 buried after 1 seconds
goodbye to uWSGI.
*** Starting uWSGI 2.0.21 (64bit) on [Sun Nov 20 08:47:02 2022] ***
compiled with version: 10.2.1 20210110 on 19 November 2022 08:03:47
os: Linux-5.15.74.2-microsoft-standard-WSL2 #1 SMP Wed Nov 2 19:50:29 UTC 2022
nodename: 9359365422ef
machine: x86_64
clock source: unix
pcre jit disabled
detected number of CPU cores: 4
current working directory: /app/main
detected binary path: /home/user/.local/bin/uwsgi
your memory page size is 4096 bytes
detected max file descriptor number: 1048576
lock engine: pthread robust mutexes
thunder lock: disabled (you can enable it with --thunder-lock)
uwsgi socket 0 bound to UNIX address /tmp/uwsgi.sock fd 3
Python version: 3.11.0 (main, Nov 15 2022, 19:58:01) [GCC 10.2.1 20210110]
*** Python threads support is disabled. You can enable it with --enable-threads ***
Python main interpreter initialized at 0x7f18b6778a38
your server socket listen backlog is limited to 100 connections
your mercy for graceful operations on workers is 60 seconds
mapped 145840 bytes (142 KB) for 1 cores
*** Operational MODE: single process ***
WSGI app 0 (mountpoint='') ready in 2 seconds on interpreter 0x7f18b6778a38 pid: 1 (default app)
mountpoint  already configured. skip.
*** uWSGI is running in multiple interpreter mode ***
spawned uWSGI master process (pid: 1)
spawned uWSGI worker 1 (pid: 13, cores: 1)
*** Starting uWSGI 2.0.21 (64bit) on [Sun Nov 20 08:51:56 2022] ***
compiled with version: 10.2.1 20210110 on 19 November 2022 08:03:47
os: Linux-5.15.74.2-microsoft-standard-WSL2 #1 SMP Wed Nov 2 19:50:29 UTC 2022
nodename: 9359365422ef
machine: x86_64
clock source: unix
pcre jit disabled
detected number of CPU cores: 4
current working directory: /app/main
detected binary path: /home/user/.local/bin/uwsgi
your memory page size is 4096 bytes
detected max file descriptor number: 1048576
lock engine: pthread robust mutexes
thunder lock: disabled (you can enable it with --thunder-lock)
uwsgi socket 0 bound to UNIX address /tmp/uwsgi.sock fd 3
Python version: 3.11.0 (main, Nov 15 2022, 19:58:01) [GCC 10.2.1 20210110]
*** Python threads support is disabled. You can enable it with --enable-threads ***
Python main interpreter initialized at 0x7fbad5080a38
your server socket listen backlog is limited to 100 connections
your mercy for graceful operations on workers is 60 seconds
mapped 145840 bytes (142 KB) for 1 cores
*** Operational MODE: single process ***
WSGI app 0 (mountpoint='') ready in 1 seconds on interpreter 0x7fbad5080a38 pid: 22 (default app)
mountpoint  already configured. skip.
*** uWSGI is running in multiple interpreter mode ***
spawned uWSGI master process (pid: 22)
spawned uWSGI worker 1 (pid: 29, cores: 1)
SIGINT/SIGTERM received...killing workers...
worker 1 buried after 1 seconds
goodbye to uWSGI.
...brutally killing workers...
worker 1 buried after 1 seconds
binary reloading uWSGI...
chdir() to /app/main
closing all non-uwsgi socket fds > 2 (max_fd = 1048576)...
found fd 3 mapped to socket 0 (/tmp/uwsgi.sock)
running /home/user/.local/bin/uwsgi
[uWSGI] getting INI configuration from /app/main/app.ini
*** Starting uWSGI 2.0.21 (64bit) on [Sun Nov 20 08:53:19 2022] ***
compiled with version: 10.2.1 20210110 on 19 November 2022 08:03:47
os: Linux-5.15.74.2-microsoft-standard-WSL2 #1 SMP Wed Nov 2 19:50:29 UTC 2022
nodename: 9359365422ef
machine: x86_64
clock source: unix
pcre jit disabled
detected number of CPU cores: 4
current working directory: /app/main
detected binary path: /home/user/.local/bin/uwsgi
your memory page size is 4096 bytes
detected max file descriptor number: 1048576
lock engine: pthread robust mutexes
thunder lock: disabled (you can enable it with --thunder-lock)
uwsgi socket 0 inherited UNIX address /tmp/uwsgi.sock fd 3
Python version: 3.11.0 (main, Nov 15 2022, 19:58:01) [GCC 10.2.1 20210110]
*** Python threads support is disabled. You can enable it with --enable-threads ***
Python main interpreter initialized at 0x7febd75c0a38
your server socket listen backlog is limited to 100 connections
your mercy for graceful operations on workers is 60 seconds
mapped 145840 bytes (142 KB) for 1 cores
*** Operational MODE: single process ***
WSGI app 0 (mountpoint='') ready in 1 seconds on interpreter 0x7febd75c0a38 pid: 1 (default app)
mountpoint  already configured. skip.
*** uWSGI is running in multiple interpreter mode ***
gracefully (RE)spawned uWSGI master process (pid: 1)
spawned uWSGI worker 1 (pid: 36, cores: 1)
*** Starting uWSGI 2.0.21 (64bit) on [Sun Nov 20 08:57:32 2022] ***
compiled with version: 10.2.1 20210110 on 20 November 2022 08:56:43
os: Linux-5.15.74.2-microsoft-standard-WSL2 #1 SMP Wed Nov 2 19:50:29 UTC 2022
nodename: 2c7a2507f567
machine: x86_64
clock source: unix
pcre jit disabled
detected number of CPU cores: 4
current working directory: /app/main
detected binary path: /home/user/.local/bin/uwsgi
your memory page size is 4096 bytes
detected max file descriptor number: 1048576
lock engine: pthread robust mutexes
thunder lock: disabled (you can enable it with --thunder-lock)
uwsgi socket 0 bound to UNIX address /tmp/uwsgi.sock fd 3
Python version: 3.11.0 (main, Nov 15 2022, 19:58:01) [GCC 10.2.1 20210110]
*** Python threads support is disabled. You can enable it with --enable-threads ***
Python main interpreter initialized at 0x7f63b7b96a38
your server socket listen backlog is limited to 100 connections
your mercy for graceful operations on workers is 60 seconds
mapped 145840 bytes (142 KB) for 1 cores
*** Operational MODE: single process ***
WSGI app 0 (mountpoint='') ready in 2 seconds on interpreter 0x7f63b7b96a38 pid: 1 (default app)
mountpoint  already configured. skip.
*** uWSGI is running in multiple interpreter mode ***
spawned uWSGI master process (pid: 1)
spawned uWSGI worker 1 (pid: 14, cores: 1)
[pid: 14|app: 0|req: 1/1] 172.19.0.1 () {58 vars in 1531 bytes} [Sun Nov 20 08:57:37 2022] GET / => generated 1611889 bytes in 10040 msecs (HTTP/1.1 200) 2 headers in 84 bytes (8 switches on core 0)
[pid: 14|app: 0|req: 2/2] 172.19.0.1 () {54 vars in 1373 bytes} [Sun Nov 20 08:57:48 2022] GET /static/js/ajax.js => generated 207 bytes in 2 msecs (HTTP/1.1 404) 2 headers in 87 bytes (1 switches on core 0)
[pid: 14|app: 0|req: 3/3] 172.19.0.1 () {54 vars in 1421 bytes} [Sun Nov 20 08:57:48 2022] GET /favicon.ico => generated 207 bytes in 0 msecs (HTTP/1.1 404) 2 headers in 87 bytes (1 switches on core 0)
...brutally killing workers...
worker 1 buried after 1 seconds
binary reloading uWSGI...
chdir() to /app/main
closing all non-uwsgi socket fds > 2 (max_fd = 1048576)...
found fd 3 mapped to socket 0 (/tmp/uwsgi.sock)
running /home/user/.local/bin/uwsgi
[uWSGI] getting INI configuration from /app/main/app.ini
*** Starting uWSGI 2.0.21 (64bit) on [Sun Nov 20 09:03:31 2022] ***
compiled with version: 10.2.1 20210110 on 20 November 2022 08:56:43
os: Linux-5.15.74.2-microsoft-standard-WSL2 #1 SMP Wed Nov 2 19:50:29 UTC 2022
nodename: 2c7a2507f567
machine: x86_64
clock source: unix
pcre jit disabled
detected number of CPU cores: 4
current working directory: /app/main
detected binary path: /home/user/.local/bin/uwsgi
your memory page size is 4096 bytes
detected max file descriptor number: 1048576
lock engine: pthread robust mutexes
thunder lock: disabled (you can enable it with --thunder-lock)
uwsgi socket 0 inherited UNIX address /tmp/uwsgi.sock fd 3
Python version: 3.11.0 (main, Nov 15 2022, 19:58:01) [GCC 10.2.1 20210110]
*** Python threads support is disabled. You can enable it with --enable-threads ***
Python main interpreter initialized at 0x7f7d7ebf1a38
your server socket listen backlog is limited to 100 connections
your mercy for graceful operations on workers is 60 seconds
mapped 145840 bytes (142 KB) for 1 cores
*** Operational MODE: single process ***
WSGI app 0 (mountpoint='') ready in 2 seconds on interpreter 0x7f7d7ebf1a38 pid: 1 (default app)
mountpoint  already configured. skip.
*** uWSGI is running in multiple interpreter mode ***
gracefully (RE)spawned uWSGI master process (pid: 1)
spawned uWSGI worker 1 (pid: 21, cores: 1)
